<?xml version="1.0" encoding="UTF-8"?>
<testsuite xmlns:xsi="http://www.w3.org/2001/XMLSchema-instance" xsi:noNamespaceSchemaLocation="https://maven.apache.org/surefire/maven-surefire-plugin/xsd/surefire-test-report-3.0.xsd" version="3.0" name="com.antony_c.app.MyWindowTest" time="0.352" tests="1" errors="0" skipped="0" failures="0">
  <properties>
    <property name="sun.desktop" value="windows"/>
    <property name="awt.toolkit" value="sun.awt.windows.WToolkit"/>
    <property name="java.specification.version" value="11"/>
    <property name="sun.cpu.isalist" value="amd64"/>
    <property name="sun.jnu.encoding" value="UTF-8"/>
    <property name="java.class.path" value="A:\anton\Documents\_DeV\Akkodis\PreEmploi\java_dev_com\base_java\target\test-classes;A:\anton\Documents\_DeV\Akkodis\PreEmploi\java_dev_com\base_java\target\classes;C:\Users\anton\.m2\repository\org\junit\jupiter\junit-jupiter-api\5.7.0\junit-jupiter-api-5.7.0.jar;C:\Users\anton\.m2\repository\org\apiguardian\apiguardian-api\1.1.0\apiguardian-api-1.1.0.jar;C:\Users\anton\.m2\repository\org\opentest4j\opentest4j\1.2.0\opentest4j-1.2.0.jar;C:\Users\anton\.m2\repository\org\junit\platform\junit-platform-commons\1.7.0\junit-platform-commons-1.7.0.jar;"/>
    <property name="sun.awt.enableExtraMouseButtons" value="true"/>
    <property name="java.vm.vendor" value="Microsoft"/>
    <property name="sun.arch.data.model" value="64"/>
    <property name="user.variant" value=""/>
    <property name="java.vendor.url" value="https://www.microsoft.com"/>
    <property name="user.timezone" value="Europe/Paris"/>
    <property name="java.vm.specification.version" value="11"/>
    <property name="os.name" value="Windows 10"/>
    <property name="sun.java.launcher" value="SUN_STANDARD"/>
    <property name="user.country" value="FR"/>
    <property name="sun.boot.library.path" value="C:\Program Files\Microsoft\jdk-11.0.20.101-hotspot\bin"/>
    <property name="sun.java.command" value="C:\Users\anton\AppData\Local\Temp\surefire8122913789114986528\surefirebooter-20231130140931724_3.jar C:\Users\anton\AppData\Local\Temp\surefire8122913789114986528 2023-11-30T14-09-31_225-jvmRun1 surefire-20231130140931724_1tmp surefire_0-20231130140931724_2tmp"/>
    <property name="jdk.debug" value="release"/>
    <property name="surefire.test.class.path" value="A:\anton\Documents\_DeV\Akkodis\PreEmploi\java_dev_com\base_java\target\test-classes;A:\anton\Documents\_DeV\Akkodis\PreEmploi\java_dev_com\base_java\target\classes;C:\Users\anton\.m2\repository\org\junit\jupiter\junit-jupiter-api\5.7.0\junit-jupiter-api-5.7.0.jar;C:\Users\anton\.m2\repository\org\apiguardian\apiguardian-api\1.1.0\apiguardian-api-1.1.0.jar;C:\Users\anton\.m2\repository\org\opentest4j\opentest4j\1.2.0\opentest4j-1.2.0.jar;C:\Users\anton\.m2\repository\org\junit\platform\junit-platform-commons\1.7.0\junit-platform-commons-1.7.0.jar;"/>
    <property name="sun.cpu.endian" value="little"/>
    <property name="user.home" value="C:\Users\anton"/>
    <property name="user.language" value="fr"/>
    <property name="java.specification.vendor" value="Oracle Corporation"/>
    <property name="java.version.date" value="2023-08-24"/>
    <property name="java.home" value="C:\Program Files\Microsoft\jdk-11.0.20.101-hotspot"/>
    <property name="file.separator" value="\"/>
    <property name="basedir" value="A:\anton\Documents\_DeV\Akkodis\PreEmploi\java_dev_com\base_java"/>
    <property name="java.vm.compressedOopsMode" value="Zero based"/>
    <property name="line.separator" value="&#10;"/>
    <property name="java.specification.name" value="Java Platform API Specification"/>
    <property name="java.vm.specification.vendor" value="Oracle Corporation"/>
    <property name="java.awt.graphicsenv" value="sun.awt.Win32GraphicsEnvironment"/>
    <property name="surefire.real.class.path" value="C:\Users\anton\AppData\Local\Temp\surefire8122913789114986528\surefirebooter-20231130140931724_3.jar"/>
    <property name="user.script" value=""/>
    <property name="sun.management.compiler" value="HotSpot 64-Bit Tiered Compilers"/>
    <property name="java.runtime.version" value="11.0.20.1+1-LTS"/>
    <property name="user.name" value="anton"/>
    <property name="path.separator" value=";"/>
    <property name="os.version" value="10.0"/>
    <property name="java.runtime.name" value="OpenJDK Runtime Environment"/>
    <property name="file.encoding" value="UTF-8"/>
    <property name="java.vm.name" value="OpenJDK 64-Bit Server VM"/>
    <property name="java.vendor.version" value="Microsoft-8297088"/>
    <property name="localRepository" value="C:\Users\anton\.m2\repository"/>
    <property name="java.vendor.url.bug" value="https://github.com/microsoft/openjdk/issues"/>
    <property name="java.io.tmpdir" value="C:\Users\anton\AppData\Local\Temp\"/>
    <property name="java.version" value="11.0.20.1"/>
    <property name="user.dir" value="A:\anton\Documents\_DeV\Akkodis\PreEmploi\java_dev_com\base_java"/>
    <property name="os.arch" value="amd64"/>
    <property name="java.vm.specification.name" value="Java Virtual Machine Specification"/>
    <property name="java.awt.printerjob" value="sun.awt.windows.WPrinterJob"/>
    <property name="sun.os.patch.level" value=""/>
    <property name="java.library.path" value="C:\Program Files\Microsoft\jdk-11.0.20.101-hotspot\bin;C:\Windows\Sun\Java\bin;C:\Windows\system32;C:\Windows;C:\Users\anton\Apache\Maven\apache-maven-3.9.5\bin;A:\anton\Documents\_DeV\AJC\projetIVVQ\apache-jmeter-5.6.2\bin;C:\Program Files\Microsoft\jdk-11.0.20.101-hotspot\\bin;C:\Python311\\Scripts\;C:\Python311\;C:\Program Files (x86)\Common Files\Oracle\Java\javapath;C:\msys64\mingw64\bin;C:\Program Files\CMake\bin;C:\Program Files\NVIDIA GPU Computing Toolkit\CUDA\v12.1\bin;C:\Program Files\NVIDIA GPU Computing Toolkit\CUDA\v12.1\libnvvp;C:\Program Files\NVIDIA GPU Computing Toolkit\CUDA\v12.1\include;C:\Program Files\NVIDIA GPU Computing Toolkit\CUDA\v12.1\extras\CUPTI\lib64;C:\msys64\usr\bin;C:\ProgramData\chocolatey\lib\bazelisk;C:\Program Files\NVIDIA GPU Computing Toolkit\CUDA\v11.8\include;C:\Program Files\NVIDIA GPU Computing Toolkit\CUDA\v11.8\extras\CUPTI\lib64;C:\Program Files\NVIDIA GPU Computing Toolkit\CUDA\v11.8\bin;C:\Program Files\NVIDIA GPU Computing Toolkit\CUDA\v11.8\libnvvp;C:\Program Files\NVIDIA\CUDNN\v8.8.1.3\bin;C:\Program Files\Zlib\dll_x64\zlibwapi.dll;C:\Python\Python39;C:\Python\Python39\scripts;C:\PROGRAM FILES (X86)\INTEL\ICLS CLIENT\;C:\PROGRAM FILES\INTEL\ICLS CLIENT\;C:\WINDOWS\SYSTEM32;C:\WINDOWS;C:\WINDOWS\SYSTEM32\WBEM;C:\WINDOWS\SYSTEM32\WINDOWSPOWERSHELL\V1.0\;C:\WINDOWS\SYSTEM32\OPENSSH\;C:\PROGRAM FILES (X86)\INTEL\INTEL(R) MANAGEMENT ENGINE COMPONENTS\DAL;C:\PROGRAM FILES\INTEL\INTEL(R) MANAGEMENT ENGINE COMPONENTS\DAL;C:\PROGRAM FILES (X86)\INTEL\INTEL(R) MANAGEMENT ENGINE COMPONENTS\IPT;C:\PROGRAM FILES\INTEL\INTEL(R) MANAGEMENT ENGINE COMPONENTS\IPT;C:\PROGRAM FILES (X86)\NVIDIA CORPORATION\PHYSX\COMMON;C:\PROGRAM FILES\NVIDIA CORPORATION\NVIDIA NVDLISR;C:\PROGRAMDATA\CHOCOLATEY\BIN;C:\COMPOSER;A:\PROGRAM FILES\GIT\CMD;C:\PROGRAM FILES\OPENJDK\OPENJDK-8U272-B10\BIN;A:\Program Files\gradle-6.7.1\BIN;C:\Program Files\Java\jdk1.8.0_271\BIN;C:\Users\anton\AppData\Local\Android\Sdk\EMULATOR;C:\Users\anton\AppData\Local\Android\Sdk\EMULATOR\BIN64;C:\Users\anton\AppData\Local\Android\Sdk\TOOLS;C:\Users\anton\AppData\Local\Android\Sdk\TOOLS\BIN;C:\Users\anton\AppData\Local\Android\Sdk\PLATFORM-TOOLS;C:\PROGRAM FILES\DOCKER\DOCKER\RESOURCES\BIN;C:\Program Files\dotnet\;C:\Program Files (x86)\dotnet\;A:\anton\Downloads\curl-7.80.0-win64-mingw\curl-7.80.0-win64-mingw\bin;A:\Program Files\Git LFS;C:\Program Files\Graphviz\bin;C:\minikube;C:\Program Files\NVIDIA Corporation\Nsight Compute 2023.1.1\;C:\Program Files\nodejs\;C:\Users\anton\Apache\Maven\apache-maven-3.9.5\bin;C:\Users\anton\AppData\Roaming\npm\;A:\anton\Documents\_DeV\AJC\projetIVVQ\apache-jmeter-5.6.2\bin;C:\msys64\mingw64\bin;CUDA12=C:\Program Files\NVIDIA GPU Computing Toolkit\CUDA\v11.8\bin;CUDA12=C:\Program Files\NVIDIA GPU Computing Toolkit\CUDA\v11.8\extras\CUPTI\lib64;CUDA12=C:\Program Files\NVIDIA GPU Computing Toolkit\CUDA\v11.8\include;CUDA12=C:\Program Files\NVIDIA GPU Computing Toolkit\CUDA\v11.8\libnvvp;C:\Program Files\NVIDIA GPU Computing Toolkit\CUDA\v12.1\bin;C:\Program Files\NVIDIA GPU Computing Toolkit\CUDA\v12.1\extras\CUPTI\lib64;C:\Program Files\NVIDIA GPU Computing Toolkit\CUDA\v12.1\include;C:\Program Files\NVIDIA GPU Computing Toolkit\CUDA\v12.1\libnvvp;C:\Program Files\NVIDIA\CUDNN\v8.8.1.3\bin;C:\minikube;C:\Python311\Scripts;C:\Python311;A:\anton\Downloads\curl-7.80.0-win64-mingw\curl-7.80.0-win64-mingw\bin;%LOCALAPPDATA%\Microsoft\WindowsApps;c:\Program Files\nodejs\;A:\Program Files\JetBrains\WebStorm 2020.2.3\jbr\bin;A:\Program Files\JetBrains\IntelliJ IDEA 2020.2.3\jbr\bin;C:\Users\anton\AppData\Roaming\npm;A:\Program Files\gradle-6.7.1\bin;C:\Program Files\Microsoft\jdk-11.0.20.101-hotspot\\bin;C:\Users\anton\AppData\Local\Android\Sdk\emulator;C:\Users\anton\AppData\Local\Android\Sdk\emulator\bin64;C:\Users\anton\AppData\Local\Android\Sdk\tools;C:\Users\anton\AppData\Local\Android\Sdk\tools\bin;C:\Users\anton\AppData\Local\Android\Sdk\platform-tools;C:\Users\anton\AppData\Local\GitHubDesktop\bin;C:\Users\anton\AppData\Local\Microsoft\WindowsApps;C:\Users\anton\AppData\Local\GitHubDesktop\bin;C:\Program Files\JetBrains\PyCharm 2023.2.3\bin;;C:\Users\anton\AppData\Local\Programs\Microsoft VS Code\bin;C:\Program Files\heroku\bin;C:\Users\anton\AppData\Local\Google\Cloud SDK\google-cloud-sdk\bin;C:\Users\anton\AppData\Roaming\npm;C:\Program Files\CMake\bin;C:\Program Files (x86)\Nmap;."/>
    <property name="java.vm.info" value="mixed mode"/>
    <property name="java.vendor" value="Microsoft"/>
    <property name="java.vm.version" value="11.0.20.1+1-LTS"/>
    <property name="java.specification.maintenance.version" value="2"/>
    <property name="sun.io.unicode.encoding" value="UnicodeLittle"/>
    <property name="java.class.version" value="55.0"/>
  </properties>
  <testcase name="testMyWindow" classname="com.antony_c.app.MyWindowTest" time="0.334"/>
</testsuite>